This is pdfTeX, Version 3.14159265-2.6-1.40.17 (TeX Live 2016) (preloaded format=pdflatex 2017.2.18)  20 FEB 2017 16:41
entering extended mode
 restricted \write18 enabled.
 file:line:error style messages enabled.
 %&-line parsing enabled.
**proposal.tex
(./proposal.tex
LaTeX2e <2016/03/31>
Babel <3.9r> and hyphenation patterns for 83 language(s) loaded.
(/usr/local/texlive/2016/texmf-dist/tex/latex/base/article.cls
Document Class: article 2014/09/29 v1.4h Standard LaTeX document class
(/usr/local/texlive/2016/texmf-dist/tex/latex/base/size10.clo
File: size10.clo 2014/09/29 v1.4h Standard LaTeX file (size option)
)
\c@part=\count79
\c@section=\count80
\c@subsection=\count81
\c@subsubsection=\count82
\c@paragraph=\count83
\c@subparagraph=\count84
\c@figure=\count85
\c@table=\count86
\abovecaptionskip=\skip41
\belowcaptionskip=\skip42
\bibindent=\dimen102
)
(/usr/local/texlive/2016/texmf-dist/tex/latex/psnfss/times.sty
Package: times 2005/04/12 PSNFSS-v9.2a (SPQR) 
)
(/usr/local/texlive/2016/texmf-dist/tex/latex/graphics/graphicx.sty
Package: graphicx 2014/10/28 v1.0g Enhanced LaTeX Graphics (DPC,SPQR)

(/usr/local/texlive/2016/texmf-dist/tex/latex/graphics/keyval.sty
Package: keyval 2014/10/28 v1.15 key=value parser (DPC)
\KV@toks@=\toks14
)
(/usr/local/texlive/2016/texmf-dist/tex/latex/graphics/graphics.sty
Package: graphics 2016/05/09 v1.0r Standard LaTeX Graphics (DPC,SPQR)

(/usr/local/texlive/2016/texmf-dist/tex/latex/graphics/trig.sty
Package: trig 2016/01/03 v1.10 sin cos tan (DPC)
)
(/usr/local/texlive/2016/texmf-dist/tex/latex/graphics-cfg/graphics.cfg
File: graphics.cfg 2016/01/02 v1.10 sample graphics configuration
)
Package graphics Info: Driver file: pdftex.def on input line 96.

(/usr/local/texlive/2016/texmf-dist/tex/latex/pdftex-def/pdftex.def
File: pdftex.def 2011/05/27 v0.06d Graphics/color for pdfTeX

(/usr/local/texlive/2016/texmf-dist/tex/generic/oberdiek/infwarerr.sty
Package: infwarerr 2016/05/16 v1.4 Providing info/warning/error messages (HO)
)
(/usr/local/texlive/2016/texmf-dist/tex/generic/oberdiek/ltxcmds.sty
Package: ltxcmds 2016/05/16 v1.23 LaTeX kernel commands for general use (HO)
)
\Gread@gobject=\count87
))
\Gin@req@height=\dimen103
\Gin@req@width=\dimen104
)
(/usr/local/texlive/2016/texmf-dist/tex/latex/subfigure/subfigure.sty
Package: subfigure 2002/03/15 v2.1.5 subfigure package
\subfigtopskip=\skip43
\subfigcapskip=\skip44
\subfigcaptopadj=\dimen105
\subfigbottomskip=\skip45
\subfigcapmargin=\dimen106
\subfiglabelskip=\skip46
\c@subfigure=\count88
\c@lofdepth=\count89
\c@subtable=\count90
\c@lotdepth=\count91

****************************************
* Local config file subfigure.cfg used *
****************************************
(/usr/local/texlive/2016/texmf-dist/tex/latex/subfigure/subfigure.cfg)
\subfig@top=\skip47
\subfig@bottom=\skip48
)
(./natbib.sty
Package: natbib 2009/07/16 8.31 (PWD, AO)
\bibhang=\skip49
\bibsep=\skip50
LaTeX Info: Redefining \cite on input line 694.
\c@NAT@ctr=\count92
) (./algorithm.sty
Package: algorithm 

Document Style `algorithm' - floating environment
(/usr/local/texlive/2016/texmf-dist/tex/latex/float/float.sty
Package: float 2001/11/08 v1.3d Float enhancements (AL)
\c@float@type=\count93
\float@exts=\toks15
\float@box=\box26
\@float@everytoks=\toks16
\@floatcapt=\box27
)
(/usr/local/texlive/2016/texmf-dist/tex/latex/base/ifthen.sty
Package: ifthen 2014/09/29 v1.1c Standard LaTeX ifthen package (DPC)
)
\@float@every@algorithm=\toks17
\c@algorithm=\count94
)
(./algorithmic.sty
Package: algorithmic 

Document Style `algorithmic' - environment
(/usr/local/texlive/2016/texmf-dist/tex/latex/tools/calc.sty
Package: calc 2014/10/28 v4.3 Infix arithmetic (KKT,FJ)
\calc@Acount=\count95
\calc@Bcount=\count96
\calc@Adimen=\dimen107
\calc@Bdimen=\dimen108
\calc@Askip=\skip51
\calc@Bskip=\skip52
LaTeX Info: Redefining \setlength on input line 80.
LaTeX Info: Redefining \addtolength on input line 81.
\calc@Ccount=\count97
\calc@Cskip=\skip53
)
\c@ALC@line=\count98
\c@ALC@rem=\count99
\ALC@tlm=\skip54
)
(/usr/local/texlive/2016/texmf-dist/tex/latex/amsmath/amsmath.sty
Package: amsmath 2016/03/10 v2.15b AMS math features
\@mathmargin=\skip55

For additional information on amsmath, use the `?' option.
(/usr/local/texlive/2016/texmf-dist/tex/latex/amsmath/amstext.sty
Package: amstext 2000/06/29 v2.01 AMS text

(/usr/local/texlive/2016/texmf-dist/tex/latex/amsmath/amsgen.sty
File: amsgen.sty 1999/11/30 v2.0 generic functions
\@emptytoks=\toks18
\ex@=\dimen109
))
(/usr/local/texlive/2016/texmf-dist/tex/latex/amsmath/amsbsy.sty
Package: amsbsy 1999/11/29 v1.2d Bold Symbols
\pmbraise@=\dimen110
)
(/usr/local/texlive/2016/texmf-dist/tex/latex/amsmath/amsopn.sty
Package: amsopn 2016/03/08 v2.02 operator names
)
\inf@bad=\count100
LaTeX Info: Redefining \frac on input line 199.
\uproot@=\count101
\leftroot@=\count102
LaTeX Info: Redefining \overline on input line 297.
\classnum@=\count103
\DOTSCASE@=\count104
LaTeX Info: Redefining \ldots on input line 394.
LaTeX Info: Redefining \dots on input line 397.
LaTeX Info: Redefining \cdots on input line 518.
\Mathstrutbox@=\box28
\strutbox@=\box29
\big@size=\dimen111
LaTeX Font Info:    Redeclaring font encoding OML on input line 634.
LaTeX Font Info:    Redeclaring font encoding OMS on input line 635.
\macc@depth=\count105
\c@MaxMatrixCols=\count106
\dotsspace@=\muskip10
\c@parentequation=\count107
\dspbrk@lvl=\count108
\tag@help=\toks19
\row@=\count109
\column@=\count110
\maxfields@=\count111
\andhelp@=\toks20
\eqnshift@=\dimen112
\alignsep@=\dimen113
\tagshift@=\dimen114
\tagwidth@=\dimen115
\totwidth@=\dimen116
\lineht@=\dimen117
\@envbody=\toks21
\multlinegap=\skip56
\multlinetaggap=\skip57
\mathdisplay@stack=\toks22
LaTeX Info: Redefining \[ on input line 2739.
LaTeX Info: Redefining \] on input line 2740.
)
(/usr/local/texlive/2016/texmf-dist/tex/latex/hyperref/hyperref.sty
Package: hyperref 2016/05/05 v6.83n Hypertext links for LaTeX

(/usr/local/texlive/2016/texmf-dist/tex/generic/oberdiek/hobsub-hyperref.sty
Package: hobsub-hyperref 2016/05/16 v1.14 Bundle oberdiek, subset hyperref (HO)


(/usr/local/texlive/2016/texmf-dist/tex/generic/oberdiek/hobsub-generic.sty
Package: hobsub-generic 2016/05/16 v1.14 Bundle oberdiek, subset generic (HO)
Package: hobsub 2016/05/16 v1.14 Construct package bundles (HO)
Package hobsub Info: Skipping package `infwarerr' (already loaded).
Package hobsub Info: Skipping package `ltxcmds' (already loaded).
Package: ifluatex 2016/05/16 v1.4 Provides the ifluatex switch (HO)
Package ifluatex Info: LuaTeX not detected.
Package: ifvtex 2016/05/16 v1.6 Detect VTeX and its facilities (HO)
Package ifvtex Info: VTeX not detected.
Package: intcalc 2016/05/16 v1.2 Expandable calculations with integers (HO)
Package: ifpdf 2016/05/14 v3.1 Provides the ifpdf switch
Package: etexcmds 2016/05/16 v1.6 Avoid name clashes with e-TeX commands (HO)
Package etexcmds Info: Could not find \expanded.
(etexcmds)             That can mean that you are not using pdfTeX 1.50 or
(etexcmds)             that some package has redefined \expanded.
(etexcmds)             In the latter case, load this package earlier.
Package: kvsetkeys 2016/05/16 v1.17 Key value parser (HO)
Package: kvdefinekeys 2016/05/16 v1.4 Define keys (HO)
Package: pdftexcmds 2016/05/10 v0.21 Utility functions of pdfTeX for LuaTeX (HO
)
Package pdftexcmds Info: LuaTeX not detected.
Package pdftexcmds Info: \pdf@primitive is available.
Package pdftexcmds Info: \pdf@ifprimitive is available.
Package pdftexcmds Info: \pdfdraftmode found.
Package: pdfescape 2016/05/16 v1.14 Implements pdfTeX's escape features (HO)
Package: bigintcalc 2016/05/16 v1.4 Expandable calculations on big integers (HO
)
Package: bitset 2016/05/16 v1.2 Handle bit-vector datatype (HO)
Package: uniquecounter 2016/05/16 v1.3 Provide unlimited unique counter (HO)
)
Package hobsub Info: Skipping package `hobsub' (already loaded).
Package: letltxmacro 2016/05/16 v1.5 Let assignment for LaTeX macros (HO)
Package: hopatch 2016/05/16 v1.3 Wrapper for package hooks (HO)
Package: xcolor-patch 2016/05/16 xcolor patch
Package: atveryend 2016/05/16 v1.9 Hooks at the very end of document (HO)
Package atveryend Info: \enddocument detected (standard20110627).
Package: atbegshi 2016/05/16 v1.17 At begin shipout hook (HO)
Package: refcount 2016/05/16 v3.5 Data extraction from label references (HO)
Package: hycolor 2016/05/16 v1.8 Color options for hyperref/bookmark (HO)
)
(/usr/local/texlive/2016/texmf-dist/tex/generic/ifxetex/ifxetex.sty
Package: ifxetex 2010/09/12 v0.6 Provides ifxetex conditional
)
(/usr/local/texlive/2016/texmf-dist/tex/latex/oberdiek/auxhook.sty
Package: auxhook 2016/05/16 v1.4 Hooks for auxiliary files (HO)
)
(/usr/local/texlive/2016/texmf-dist/tex/latex/oberdiek/kvoptions.sty
Package: kvoptions 2016/05/16 v3.12 Key value format for package options (HO)
)
\@linkdim=\dimen118
\Hy@linkcounter=\count112
\Hy@pagecounter=\count113

(/usr/local/texlive/2016/texmf-dist/tex/latex/hyperref/pd1enc.def
File: pd1enc.def 2016/05/05 v6.83n Hyperref: PDFDocEncoding definition (HO)
)
\Hy@SavedSpaceFactor=\count114

(/usr/local/texlive/2016/texmf-dist/tex/latex/latexconfig/hyperref.cfg
File: hyperref.cfg 2002/06/06 v1.2 hyperref configuration of TeXLive
)
Package hyperref Info: Hyper figures OFF on input line 4446.
Package hyperref Info: Link nesting OFF on input line 4451.
Package hyperref Info: Hyper index ON on input line 4454.
Package hyperref Info: Plain pages OFF on input line 4461.
Package hyperref Info: Backreferencing OFF on input line 4466.
Package hyperref Info: Implicit mode ON; LaTeX internals redefined.
Package hyperref Info: Bookmarks ON on input line 4691.
\c@Hy@tempcnt=\count115

(/usr/local/texlive/2016/texmf-dist/tex/latex/url/url.sty
\Urlmuskip=\muskip11
Package: url 2013/09/16  ver 3.4  Verb mode for urls, etc.
)
LaTeX Info: Redefining \url on input line 5044.
\XeTeXLinkMargin=\dimen119
\Fld@menulength=\count116
\Field@Width=\dimen120
\Fld@charsize=\dimen121
Package hyperref Info: Hyper figures OFF on input line 6298.
Package hyperref Info: Link nesting OFF on input line 6303.
Package hyperref Info: Hyper index ON on input line 6306.
Package hyperref Info: backreferencing OFF on input line 6313.
Package hyperref Info: Link coloring OFF on input line 6318.
Package hyperref Info: Link coloring with OCG OFF on input line 6323.
Package hyperref Info: PDF/A mode OFF on input line 6328.
LaTeX Info: Redefining \ref on input line 6368.
LaTeX Info: Redefining \pageref on input line 6372.
\Hy@abspage=\count117
\c@Item=\count118
\c@Hfootnote=\count119
)

Package hyperref Message: Driver (autodetected): hpdftex.

(/usr/local/texlive/2016/texmf-dist/tex/latex/hyperref/hpdftex.def
File: hpdftex.def 2016/05/05 v6.83n Hyperref driver for pdfTeX
\Fld@listcount=\count120
\c@bookmark@seq@number=\count121

(/usr/local/texlive/2016/texmf-dist/tex/latex/oberdiek/rerunfilecheck.sty
Package: rerunfilecheck 2016/05/16 v1.8 Rerun checks for auxiliary files (HO)
Package uniquecounter Info: New unique counter `rerunfilecheck' on input line 2
82.
)
\Hy@SectionHShift=\skip58
)
(./icml2017.sty
Package: icml2017 2017/01/01 v2.0 ICML Conference Style File
 (./fancyhdr.sty
\fancy@headwidth=\skip59
\f@ncyO@elh=\skip60
\f@ncyO@erh=\skip61
\f@ncyO@olh=\skip62
\f@ncyO@orh=\skip63
\f@ncyO@elf=\skip64
\f@ncyO@erf=\skip65
\f@ncyO@olf=\skip66
\f@ncyO@orf=\skip67
)
(/usr/local/texlive/2016/texmf-dist/tex/latex/graphics/color.sty
Package: color 2016/05/09 v1.1c Standard LaTeX Color (DPC)

(/usr/local/texlive/2016/texmf-dist/tex/latex/graphics-cfg/color.cfg
File: color.cfg 2016/01/02 v1.6 sample color configuration
)
Package color Info: Driver file: pdftex.def on input line 144.
)
(/usr/local/texlive/2016/texmf-dist/tex/latex/eso-pic/eso-pic.sty
Package: eso-pic 2015/07/21 v2.0g eso-pic (RN)
)
(/usr/local/texlive/2016/texmf-dist/tex/latex/forloop/forloop.sty
Package: forloop 2006/09/18 v3.0 For Loops for LaTeX
)
Package hyperref Info: Option `colorlinks' set `true' on input line 101.
\titrun=\box30
\c@@affiliationcounter=\count122
\c@@affilnum=\count123
\newcaptionbox=\box31
\newcaptionboxwid=\dimen122
\icmlrulerbox=\box32
\icmlrulercount=\count124
\icmlruleroffset=\dimen123
\cv@lineheight=\dimen124
\cv@boxheight=\dimen125
\cv@tmpbox=\box33
\cv@refno=\count125
\cv@tot=\count126
\cv@tmpc@=\count127
\cv@tmpc=\count128
)
(/Users/Tay/Dropbox/CMU/CMU life/2017 Spring/10708/project/Deep-Bayesian-Learni
ng-10708/proposal/.texpadtmp/proposal.aux)
\openout1 = `proposal.aux'.

LaTeX Font Info:    Checking defaults for OML/cmm/m/it on input line 52.
LaTeX Font Info:    ... okay on input line 52.
LaTeX Font Info:    Checking defaults for T1/cmr/m/n on input line 52.
LaTeX Font Info:    ... okay on input line 52.
LaTeX Font Info:    Checking defaults for OT1/cmr/m/n on input line 52.
LaTeX Font Info:    ... okay on input line 52.
LaTeX Font Info:    Checking defaults for OMS/cmsy/m/n on input line 52.
LaTeX Font Info:    ... okay on input line 52.
LaTeX Font Info:    Checking defaults for OMX/cmex/m/n on input line 52.
LaTeX Font Info:    ... okay on input line 52.
LaTeX Font Info:    Checking defaults for U/cmr/m/n on input line 52.
LaTeX Font Info:    ... okay on input line 52.
LaTeX Font Info:    Checking defaults for PD1/pdf/m/n on input line 52.
LaTeX Font Info:    ... okay on input line 52.
LaTeX Font Info:    Try loading font information for OT1+ptm on input line 52.

(/usr/local/texlive/2016/texmf-dist/tex/latex/psnfss/ot1ptm.fd
File: ot1ptm.fd 2001/06/04 font definitions for OT1/ptm.
)
(/usr/local/texlive/2016/texmf-dist/tex/context/base/mkii/supp-pdf.mkii
[Loading MPS to PDF converter (version 2006.09.02).]
\scratchcounter=\count129
\scratchdimen=\dimen126
\scratchbox=\box34
\nofMPsegments=\count130
\nofMParguments=\count131
\everyMPshowfont=\toks23
\MPscratchCnt=\count132
\MPscratchDim=\dimen127
\MPnumerator=\count133
\makeMPintoPDFobject=\count134
\everyMPtoPDFconversion=\toks24
) (/usr/local/texlive/2016/texmf-dist/tex/latex/oberdiek/epstopdf-base.sty
Package: epstopdf-base 2016/05/15 v2.6 Base part for package epstopdf

(/usr/local/texlive/2016/texmf-dist/tex/latex/oberdiek/grfext.sty
Package: grfext 2016/05/16 v1.2 Manage graphics extensions (HO)
)
Package grfext Info: Graphics extension search list:
(grfext)             [.png,.pdf,.jpg,.mps,.jpeg,.jbig2,.jb2,.PNG,.PDF,.JPG,.JPE
G,.JBIG2,.JB2,.eps]
(grfext)             \AppendGraphicsExtensions on input line 456.

(/usr/local/texlive/2016/texmf-dist/tex/latex/latexconfig/epstopdf-sys.cfg
File: epstopdf-sys.cfg 2010/07/13 v1.3 Configuration of (r)epstopdf for TeX Liv
e
))
\AtBeginShipoutBox=\box35
Package hyperref Info: Link coloring ON on input line 52.

(/usr/local/texlive/2016/texmf-dist/tex/latex/hyperref/nameref.sty
Package: nameref 2012/10/27 v2.43 Cross-referencing by name of section

(/usr/local/texlive/2016/texmf-dist/tex/generic/oberdiek/gettitlestring.sty
Package: gettitlestring 2016/05/16 v1.5 Cleanup title references (HO)
)
\c@section@level=\count135
)
LaTeX Info: Redefining \ref on input line 52.
LaTeX Info: Redefining \pageref on input line 52.
LaTeX Info: Redefining \nameref on input line 52.

(/Users/Tay/Dropbox/CMU/CMU life/2017 Spring/10708/project/Deep-Bayesian-Learni
ng-10708/proposal/.texpadtmp/proposal.out)
(/Users/Tay/Dropbox/CMU/CMU life/2017 Spring/10708/project/Deep-Bayesian-Learni
ng-10708/proposal/.texpadtmp/proposal.out)
\@outlinefile=\write3
\openout3 = `proposal.out'.

LaTeX Font Info:    Font shape `OT1/ptm/bx/n' in size <9> not available
(Font)              Font shape `OT1/ptm/b/n' tried instead on input line 88.
LaTeX Font Info:    Font shape `OT1/ptm/bx/n' in size <14.4> not available
(Font)              Font shape `OT1/ptm/b/n' tried instead on input line 88.
LaTeX Font Info:    Font shape `OT1/ptm/bx/n' in size <10> not available
(Font)              Font shape `OT1/ptm/b/n' tried instead on input line 88.
\c@@affilto=\count136


Package hyperref Warning: Ignoring empty anchor on input line 99.

LaTeX Font Info:    Try loading font information for OML+ptm on input line 99.
(/usr/local/texlive/2016/texmf-dist/tex/latex/psnfss/omlptm.fd
File: omlptm.fd 
)
LaTeX Font Info:    Font shape `OML/ptm/m/n' in size <9> not available
(Font)              Font shape `OML/cmm/m/it' tried instead on input line 99.
LaTeX Font Info:    Font shape `OT1/ptm/bx/n' in size <12> not available
(Font)              Font shape `OT1/ptm/b/n' tried instead on input line 102.

Underfull \vbox (badness 10000) has occurred while \output is active []

 [1{/usr/local/texlive/2016/texmf-var/fonts/map/pdftex/updmap/pdftex.map}



]
Underfull \vbox (badness 7649) has occurred while \output is active []

 [2]
Underfull \hbox (badness 6078) in paragraph at lines 187--189
\OT1/ptm/m/n/10 Further, the au-thor shows that with purely back-
 []


Underfull \hbox (badness 2189) in paragraph at lines 192--193
[]\OT1/ptm/m/n/10 Recently, works like ad-ver-sar-ial au-toen-coders (AAE)
 []


Underfull \vbox (badness 10000) has occurred while \output is active []

 [3]
(/Users/Tay/Dropbox/CMU/CMU life/2017 Spring/10708/project/Deep-Bayesian-Learni
ng-10708/proposal/.texpadtmp/proposal.bbl
Underfull \hbox (badness 3803) in paragraph at lines 9--13
[]\OT1/ptm/m/n/10 Bahdanau, Dzmitry, Cho, Kyunghyun, and Ben-gio,
 []


Underfull \hbox (badness 2781) in paragraph at lines 16--21
[]\OT1/ptm/m/n/10 Cho, Kyunghyun, Van Merri[]enboer, Bart, Gul-cehre,
 []


Underfull \hbox (badness 1117) in paragraph at lines 44--47
\OT1/ptm/m/n/10 vari-a-tional bayes.  \OT1/ptm/m/it/10 arXiv preprint arXiv:131
2.6114\OT1/ptm/m/n/10 ,
 []

)
Package atveryend Info: Empty hook `BeforeClearDocument' on input line 227.
 [4]
Package atveryend Info: Empty hook `AfterLastShipout' on input line 227.

(/Users/Tay/Dropbox/CMU/CMU life/2017 Spring/10708/project/Deep-Bayesian-Learni
ng-10708/proposal/.texpadtmp/proposal.aux)
Package atveryend Info: Executing hook `AtVeryEndDocument' on input line 227.
Package atveryend Info: Executing hook `AtEndAfterFileList' on input line 227.
Package rerunfilecheck Info: File `proposal.out' has not changed.
(rerunfilecheck)             Checksum: <no file>.
Package atveryend Info: Empty hook `AtVeryVeryEnd' on input line 227.
 ) 
Here is how much of TeX's memory you used:
 6911 strings out of 493014
 99842 string characters out of 6133351
 198309 words of memory out of 5000000
 10323 multiletter control sequences out of 15000+600000
 26767 words of font info for 55 fonts, out of 8000000 for 9000
 1141 hyphenation exceptions out of 8191
 29i,11n,45p,1092b,412s stack positions out of 5000i,500n,10000p,200000b,80000s
{/usr/local/texlive/2016/texmf-dist/fonts/enc/dvips/base/8r.enc}</usr/local/t
exlive/2016/texmf-dist/fonts/type1/public/amsfonts/cm/cmbx10.pfb></usr/local/te
xlive/2016/texmf-dist/fonts/type1/public/amsfonts/cm/cmbx7.pfb></usr/local/texl
ive/2016/texmf-dist/fonts/type1/public/amsfonts/cm/cmex10.pfb></usr/local/texli
ve/2016/texmf-dist/fonts/type1/public/amsfonts/cm/cmmi10.pfb></usr/local/texliv
e/2016/texmf-dist/fonts/type1/public/amsfonts/cm/cmmi5.pfb></usr/local/texlive/
2016/texmf-dist/fonts/type1/public/amsfonts/cm/cmmi6.pfb></usr/local/texlive/20
16/texmf-dist/fonts/type1/public/amsfonts/cm/cmmi7.pfb></usr/local/texlive/2016
/texmf-dist/fonts/type1/public/amsfonts/cm/cmmi9.pfb></usr/local/texlive/2016/t
exmf-dist/fonts/type1/public/amsfonts/cm/cmr10.pfb></usr/local/texlive/2016/tex
mf-dist/fonts/type1/public/amsfonts/cm/cmr7.pfb></usr/local/texlive/2016/texmf-
dist/fonts/type1/public/amsfonts/cm/cmsy10.pfb></usr/local/texlive/2016/texmf-d
ist/fonts/type1/public/amsfonts/cm/cmsy7.pfb></usr/local/texlive/2016/texmf-dis
t/fonts/type1/public/amsfonts/cm/cmti9.pfb></usr/local/texlive/2016/texmf-dist/
fonts/type1/urw/times/utmb8a.pfb></usr/local/texlive/2016/texmf-dist/fonts/type
1/urw/times/utmr8a.pfb></usr/local/texlive/2016/texmf-dist/fonts/type1/urw/time
s/utmri8a.pfb>
Output written on "/Users/Tay/Dropbox/CMU/CMU life/2017 Spring/10708/project/De
ep-Bayesian-Learning-10708/proposal/.texpadtmp/proposal.pdf" (4 pages, 179340 b
ytes).
PDF statistics:
 154 PDF objects out of 1000 (max. 8388607)
 130 compressed objects within 2 object streams
 28 named destinations out of 1000 (max. 500000)
 1 words of extra memory for PDF output out of 10000 (max. 10000000)

